<?xml version="1.0" encoding="UTF-8"?>
<testsuite name="SILab2Test" tests="2" skipped="0" failures="0" errors="0" timestamp="2024-05-26T17:36:01" hostname="DESKTOP-1TVUM46" time="0.032">
  <properties/>
  <testcase name="checkEveryBranch()" classname="SILab2Test" time="0.028"/>
  <testcase name="checkMultipleCondition()" classname="SILab2Test" time="0.002"/>
  <system-out><![CDATA[]]></system-out>
  <system-err><![CDATA[]]></system-err>
</testsuite>
